<?xml version="1.0" encoding="UTF-8"?>
<testsuite xmlns:xsi="http://www.w3.org/2001/XMLSchema-instance" xsi:noNamespaceSchemaLocation="https://maven.apache.org/surefire/maven-surefire-plugin/xsd/surefire-test-report.xsd" name="com.bridge.BridgeApplicationTests" time="7.467" tests="1" errors="0" skipped="0" failures="0">
  <properties>
    <property name="sun.desktop" value="windows"/>
    <property name="awt.toolkit" value="sun.awt.windows.WToolkit"/>
    <property name="file.encoding.pkg" value="sun.io"/>
    <property name="java.specification.version" value="1.8"/>
    <property name="sun.cpu.isalist" value="amd64"/>
    <property name="sun.jnu.encoding" value="GBK"/>
    <property name="java.class.path" value="D:\Code\mavenue\bridge\target\test-classes;D:\Code\mavenue\bridge\target\classes;D:\java\repository\org\springframework\boot\spring-boot-starter-web\2.5.0\spring-boot-starter-web-2.5.0.jar;D:\java\repository\org\springframework\boot\spring-boot-starter\2.5.0\spring-boot-starter-2.5.0.jar;D:\java\repository\org\springframework\boot\spring-boot-starter-logging\2.5.0\spring-boot-starter-logging-2.5.0.jar;D:\java\repository\ch\qos\logback\logback-classic\1.2.3\logback-classic-1.2.3.jar;D:\java\repository\ch\qos\logback\logback-core\1.2.3\logback-core-1.2.3.jar;D:\java\repository\org\apache\logging\log4j\log4j-to-slf4j\2.14.1\log4j-to-slf4j-2.14.1.jar;D:\java\repository\org\apache\logging\log4j\log4j-api\2.14.1\log4j-api-2.14.1.jar;D:\java\repository\org\slf4j\jul-to-slf4j\1.7.30\jul-to-slf4j-1.7.30.jar;D:\java\repository\jakarta\annotation\jakarta.annotation-api\1.3.5\jakarta.annotation-api-1.3.5.jar;D:\java\repository\org\yaml\snakeyaml\1.28\snakeyaml-1.28.jar;D:\java\repository\org\springframework\boot\spring-boot-starter-json\2.5.0\spring-boot-starter-json-2.5.0.jar;D:\java\repository\com\fasterxml\jackson\datatype\jackson-datatype-jdk8\2.12.3\jackson-datatype-jdk8-2.12.3.jar;D:\java\repository\com\fasterxml\jackson\datatype\jackson-datatype-jsr310\2.12.3\jackson-datatype-jsr310-2.12.3.jar;D:\java\repository\com\fasterxml\jackson\module\jackson-module-parameter-names\2.12.3\jackson-module-parameter-names-2.12.3.jar;D:\java\repository\org\springframework\boot\spring-boot-starter-tomcat\2.5.0\spring-boot-starter-tomcat-2.5.0.jar;D:\java\repository\org\apache\tomcat\embed\tomcat-embed-core\9.0.46\tomcat-embed-core-9.0.46.jar;D:\java\repository\org\apache\tomcat\embed\tomcat-embed-el\9.0.46\tomcat-embed-el-9.0.46.jar;D:\java\repository\org\apache\tomcat\embed\tomcat-embed-websocket\9.0.46\tomcat-embed-websocket-9.0.46.jar;D:\java\repository\org\springframework\spring-web\5.3.7\spring-web-5.3.7.jar;D:\java\repository\org\springframework\spring-beans\5.3.7\spring-beans-5.3.7.jar;D:\java\repository\org\springframework\spring-webmvc\5.3.7\spring-webmvc-5.3.7.jar;D:\java\repository\org\springframework\spring-context\5.3.7\spring-context-5.3.7.jar;D:\java\repository\org\springframework\spring-expression\5.3.7\spring-expression-5.3.7.jar;D:\java\repository\org\springframework\boot\spring-boot-devtools\2.5.0\spring-boot-devtools-2.5.0.jar;D:\java\repository\org\springframework\boot\spring-boot\2.5.0\spring-boot-2.5.0.jar;D:\java\repository\org\springframework\boot\spring-boot-autoconfigure\2.5.0\spring-boot-autoconfigure-2.5.0.jar;D:\java\repository\org\springframework\boot\spring-boot-starter-test\2.5.0\spring-boot-starter-test-2.5.0.jar;D:\java\repository\org\springframework\boot\spring-boot-test\2.5.0\spring-boot-test-2.5.0.jar;D:\java\repository\org\springframework\boot\spring-boot-test-autoconfigure\2.5.0\spring-boot-test-autoconfigure-2.5.0.jar;D:\java\repository\com\jayway\jsonpath\json-path\2.5.0\json-path-2.5.0.jar;D:\java\repository\net\minidev\json-smart\2.4.7\json-smart-2.4.7.jar;D:\java\repository\net\minidev\accessors-smart\2.4.7\accessors-smart-2.4.7.jar;D:\java\repository\org\ow2\asm\asm\9.1\asm-9.1.jar;D:\java\repository\jakarta\xml\bind\jakarta.xml.bind-api\2.3.3\jakarta.xml.bind-api-2.3.3.jar;D:\java\repository\jakarta\activation\jakarta.activation-api\1.2.2\jakarta.activation-api-1.2.2.jar;D:\java\repository\org\assertj\assertj-core\3.19.0\assertj-core-3.19.0.jar;D:\java\repository\org\hamcrest\hamcrest\2.2\hamcrest-2.2.jar;D:\java\repository\org\junit\jupiter\junit-jupiter\5.7.2\junit-jupiter-5.7.2.jar;D:\java\repository\org\junit\jupiter\junit-jupiter-api\5.7.2\junit-jupiter-api-5.7.2.jar;D:\java\repository\org\apiguardian\apiguardian-api\1.1.0\apiguardian-api-1.1.0.jar;D:\java\repository\org\opentest4j\opentest4j\1.2.0\opentest4j-1.2.0.jar;D:\java\repository\org\junit\platform\junit-platform-commons\1.7.2\junit-platform-commons-1.7.2.jar;D:\java\repository\org\junit\jupiter\junit-jupiter-params\5.7.2\junit-jupiter-params-5.7.2.jar;D:\java\repository\org\junit\jupiter\junit-jupiter-engine\5.7.2\junit-jupiter-engine-5.7.2.jar;D:\java\repository\org\junit\platform\junit-platform-engine\1.7.2\junit-platform-engine-1.7.2.jar;D:\java\repository\org\mockito\mockito-core\3.9.0\mockito-core-3.9.0.jar;D:\java\repository\net\bytebuddy\byte-buddy\1.10.22\byte-buddy-1.10.22.jar;D:\java\repository\net\bytebuddy\byte-buddy-agent\1.10.22\byte-buddy-agent-1.10.22.jar;D:\java\repository\org\objenesis\objenesis\3.2\objenesis-3.2.jar;D:\java\repository\org\mockito\mockito-junit-jupiter\3.9.0\mockito-junit-jupiter-3.9.0.jar;D:\java\repository\org\skyscreamer\jsonassert\1.5.0\jsonassert-1.5.0.jar;D:\java\repository\com\vaadin\external\google\android-json\0.0.20131108.vaadin1\android-json-0.0.20131108.vaadin1.jar;D:\java\repository\org\springframework\spring-core\5.3.7\spring-core-5.3.7.jar;D:\java\repository\org\springframework\spring-jcl\5.3.7\spring-jcl-5.3.7.jar;D:\java\repository\org\springframework\spring-test\5.3.7\spring-test-5.3.7.jar;D:\java\repository\org\xmlunit\xmlunit-core\2.8.2\xmlunit-core-2.8.2.jar;D:\java\repository\com\baomidou\mybatis-plus-boot-starter\3.4.3.1\mybatis-plus-boot-starter-3.4.3.1.jar;D:\java\repository\com\baomidou\mybatis-plus\3.4.3.1\mybatis-plus-3.4.3.1.jar;D:\java\repository\com\baomidou\mybatis-plus-extension\3.4.3.1\mybatis-plus-extension-3.4.3.1.jar;D:\java\repository\com\baomidou\mybatis-plus-core\3.4.3.1\mybatis-plus-core-3.4.3.1.jar;D:\java\repository\com\baomidou\mybatis-plus-annotation\3.4.3.1\mybatis-plus-annotation-3.4.3.1.jar;D:\java\repository\com\github\jsqlparser\jsqlparser\4.0\jsqlparser-4.0.jar;D:\java\repository\org\mybatis\mybatis\3.5.7\mybatis-3.5.7.jar;D:\java\repository\org\mybatis\mybatis-spring\2.0.6\mybatis-spring-2.0.6.jar;D:\java\repository\org\springframework\boot\spring-boot-starter-jdbc\2.5.0\spring-boot-starter-jdbc-2.5.0.jar;D:\java\repository\com\zaxxer\HikariCP\4.0.3\HikariCP-4.0.3.jar;D:\java\repository\org\springframework\spring-jdbc\5.3.7\spring-jdbc-5.3.7.jar;D:\java\repository\org\springframework\spring-tx\5.3.7\spring-tx-5.3.7.jar;D:\java\repository\mysql\mysql-connector-java\8.0.25\mysql-connector-java-8.0.25.jar;D:\java\repository\org\projectlombok\lombok\1.18.20\lombok-1.18.20.jar;D:\java\repository\io\jsonwebtoken\jjwt\0.9.1\jjwt-0.9.1.jar;D:\java\repository\com\fasterxml\jackson\core\jackson-databind\2.12.3\jackson-databind-2.12.3.jar;D:\java\repository\com\fasterxml\jackson\core\jackson-annotations\2.12.3\jackson-annotations-2.12.3.jar;D:\java\repository\com\fasterxml\jackson\core\jackson-core\2.12.3\jackson-core-2.12.3.jar;D:\java\repository\com\github\xiaoymin\swagger-bootstrap-ui\1.9.6\swagger-bootstrap-ui-1.9.6.jar;D:\java\repository\org\javassist\javassist\3.25.0-GA\javassist-3.25.0-GA.jar;D:\java\repository\io\springfox\springfox-swagger2\2.9.2\springfox-swagger2-2.9.2.jar;D:\java\repository\io\swagger\swagger-annotations\1.5.20\swagger-annotations-1.5.20.jar;D:\java\repository\io\swagger\swagger-models\1.5.20\swagger-models-1.5.20.jar;D:\java\repository\io\springfox\springfox-spi\2.9.2\springfox-spi-2.9.2.jar;D:\java\repository\io\springfox\springfox-core\2.9.2\springfox-core-2.9.2.jar;D:\java\repository\io\springfox\springfox-schema\2.9.2\springfox-schema-2.9.2.jar;D:\java\repository\io\springfox\springfox-swagger-common\2.9.2\springfox-swagger-common-2.9.2.jar;D:\java\repository\io\springfox\springfox-spring-web\2.9.2\springfox-spring-web-2.9.2.jar;D:\java\repository\com\google\guava\guava\20.0\guava-20.0.jar;D:\java\repository\com\fasterxml\classmate\1.5.1\classmate-1.5.1.jar;D:\java\repository\org\slf4j\slf4j-api\1.7.30\slf4j-api-1.7.30.jar;D:\java\repository\org\springframework\plugin\spring-plugin-core\1.2.0.RELEASE\spring-plugin-core-1.2.0.RELEASE.jar;D:\java\repository\org\springframework\plugin\spring-plugin-metadata\1.2.0.RELEASE\spring-plugin-metadata-1.2.0.RELEASE.jar;D:\java\repository\org\mapstruct\mapstruct\1.2.0.Final\mapstruct-1.2.0.Final.jar;D:\java\repository\org\springframework\boot\spring-boot-starter-security\2.5.0\spring-boot-starter-security-2.5.0.jar;D:\java\repository\org\springframework\spring-aop\5.3.7\spring-aop-5.3.7.jar;D:\java\repository\org\springframework\security\spring-security-config\5.5.0\spring-security-config-5.5.0.jar;D:\java\repository\org\springframework\security\spring-security-core\5.5.0\spring-security-core-5.5.0.jar;D:\java\repository\org\jetbrains\kotlin\kotlin-stdlib-jdk8\1.5.0\kotlin-stdlib-jdk8-1.5.0.jar;D:\java\repository\org\jetbrains\kotlin\kotlin-stdlib\1.5.0\kotlin-stdlib-1.5.0.jar;D:\java\repository\org\jetbrains\annotations\13.0\annotations-13.0.jar;D:\java\repository\org\jetbrains\kotlin\kotlin-stdlib-common\1.5.0\kotlin-stdlib-common-1.5.0.jar;D:\java\repository\org\jetbrains\kotlin\kotlin-stdlib-jdk7\1.5.0\kotlin-stdlib-jdk7-1.5.0.jar;D:\java\repository\org\springframework\security\spring-security-web\5.5.0\spring-security-web-5.5.0.jar;"/>
    <property name="java.vm.vendor" value="Oracle Corporation"/>
    <property name="sun.arch.data.model" value="64"/>
    <property name="user.variant" value=""/>
    <property name="java.vendor.url" value="http://java.oracle.com/"/>
    <property name="user.timezone" value="Asia/Shanghai"/>
    <property name="java.vm.specification.version" value="1.8"/>
    <property name="os.name" value="Windows 10"/>
    <property name="user.country" value="CN"/>
    <property name="sun.java.launcher" value="SUN_STANDARD"/>
    <property name="sun.boot.library.path" value="D:\Java8\jdk8\jre\bin"/>
    <property name="sun.java.command" value="C:\Users\86150\AppData\Local\Temp\surefire7618058879455569735\surefirebooter6691511223561466205.jar C:\Users\86150\AppData\Local\Temp\surefire7618058879455569735 2021-07-11T12-10-56_177-jvmRun1 surefire1122192286039693824tmp surefire_06253807738562066015tmp"/>
    <property name="surefire.test.class.path" value="D:\Code\mavenue\bridge\target\test-classes;D:\Code\mavenue\bridge\target\classes;D:\java\repository\org\springframework\boot\spring-boot-starter-web\2.5.0\spring-boot-starter-web-2.5.0.jar;D:\java\repository\org\springframework\boot\spring-boot-starter\2.5.0\spring-boot-starter-2.5.0.jar;D:\java\repository\org\springframework\boot\spring-boot-starter-logging\2.5.0\spring-boot-starter-logging-2.5.0.jar;D:\java\repository\ch\qos\logback\logback-classic\1.2.3\logback-classic-1.2.3.jar;D:\java\repository\ch\qos\logback\logback-core\1.2.3\logback-core-1.2.3.jar;D:\java\repository\org\apache\logging\log4j\log4j-to-slf4j\2.14.1\log4j-to-slf4j-2.14.1.jar;D:\java\repository\org\apache\logging\log4j\log4j-api\2.14.1\log4j-api-2.14.1.jar;D:\java\repository\org\slf4j\jul-to-slf4j\1.7.30\jul-to-slf4j-1.7.30.jar;D:\java\repository\jakarta\annotation\jakarta.annotation-api\1.3.5\jakarta.annotation-api-1.3.5.jar;D:\java\repository\org\yaml\snakeyaml\1.28\snakeyaml-1.28.jar;D:\java\repository\org\springframework\boot\spring-boot-starter-json\2.5.0\spring-boot-starter-json-2.5.0.jar;D:\java\repository\com\fasterxml\jackson\datatype\jackson-datatype-jdk8\2.12.3\jackson-datatype-jdk8-2.12.3.jar;D:\java\repository\com\fasterxml\jackson\datatype\jackson-datatype-jsr310\2.12.3\jackson-datatype-jsr310-2.12.3.jar;D:\java\repository\com\fasterxml\jackson\module\jackson-module-parameter-names\2.12.3\jackson-module-parameter-names-2.12.3.jar;D:\java\repository\org\springframework\boot\spring-boot-starter-tomcat\2.5.0\spring-boot-starter-tomcat-2.5.0.jar;D:\java\repository\org\apache\tomcat\embed\tomcat-embed-core\9.0.46\tomcat-embed-core-9.0.46.jar;D:\java\repository\org\apache\tomcat\embed\tomcat-embed-el\9.0.46\tomcat-embed-el-9.0.46.jar;D:\java\repository\org\apache\tomcat\embed\tomcat-embed-websocket\9.0.46\tomcat-embed-websocket-9.0.46.jar;D:\java\repository\org\springframework\spring-web\5.3.7\spring-web-5.3.7.jar;D:\java\repository\org\springframework\spring-beans\5.3.7\spring-beans-5.3.7.jar;D:\java\repository\org\springframework\spring-webmvc\5.3.7\spring-webmvc-5.3.7.jar;D:\java\repository\org\springframework\spring-context\5.3.7\spring-context-5.3.7.jar;D:\java\repository\org\springframework\spring-expression\5.3.7\spring-expression-5.3.7.jar;D:\java\repository\org\springframework\boot\spring-boot-devtools\2.5.0\spring-boot-devtools-2.5.0.jar;D:\java\repository\org\springframework\boot\spring-boot\2.5.0\spring-boot-2.5.0.jar;D:\java\repository\org\springframework\boot\spring-boot-autoconfigure\2.5.0\spring-boot-autoconfigure-2.5.0.jar;D:\java\repository\org\springframework\boot\spring-boot-starter-test\2.5.0\spring-boot-starter-test-2.5.0.jar;D:\java\repository\org\springframework\boot\spring-boot-test\2.5.0\spring-boot-test-2.5.0.jar;D:\java\repository\org\springframework\boot\spring-boot-test-autoconfigure\2.5.0\spring-boot-test-autoconfigure-2.5.0.jar;D:\java\repository\com\jayway\jsonpath\json-path\2.5.0\json-path-2.5.0.jar;D:\java\repository\net\minidev\json-smart\2.4.7\json-smart-2.4.7.jar;D:\java\repository\net\minidev\accessors-smart\2.4.7\accessors-smart-2.4.7.jar;D:\java\repository\org\ow2\asm\asm\9.1\asm-9.1.jar;D:\java\repository\jakarta\xml\bind\jakarta.xml.bind-api\2.3.3\jakarta.xml.bind-api-2.3.3.jar;D:\java\repository\jakarta\activation\jakarta.activation-api\1.2.2\jakarta.activation-api-1.2.2.jar;D:\java\repository\org\assertj\assertj-core\3.19.0\assertj-core-3.19.0.jar;D:\java\repository\org\hamcrest\hamcrest\2.2\hamcrest-2.2.jar;D:\java\repository\org\junit\jupiter\junit-jupiter\5.7.2\junit-jupiter-5.7.2.jar;D:\java\repository\org\junit\jupiter\junit-jupiter-api\5.7.2\junit-jupiter-api-5.7.2.jar;D:\java\repository\org\apiguardian\apiguardian-api\1.1.0\apiguardian-api-1.1.0.jar;D:\java\repository\org\opentest4j\opentest4j\1.2.0\opentest4j-1.2.0.jar;D:\java\repository\org\junit\platform\junit-platform-commons\1.7.2\junit-platform-commons-1.7.2.jar;D:\java\repository\org\junit\jupiter\junit-jupiter-params\5.7.2\junit-jupiter-params-5.7.2.jar;D:\java\repository\org\junit\jupiter\junit-jupiter-engine\5.7.2\junit-jupiter-engine-5.7.2.jar;D:\java\repository\org\junit\platform\junit-platform-engine\1.7.2\junit-platform-engine-1.7.2.jar;D:\java\repository\org\mockito\mockito-core\3.9.0\mockito-core-3.9.0.jar;D:\java\repository\net\bytebuddy\byte-buddy\1.10.22\byte-buddy-1.10.22.jar;D:\java\repository\net\bytebuddy\byte-buddy-agent\1.10.22\byte-buddy-agent-1.10.22.jar;D:\java\repository\org\objenesis\objenesis\3.2\objenesis-3.2.jar;D:\java\repository\org\mockito\mockito-junit-jupiter\3.9.0\mockito-junit-jupiter-3.9.0.jar;D:\java\repository\org\skyscreamer\jsonassert\1.5.0\jsonassert-1.5.0.jar;D:\java\repository\com\vaadin\external\google\android-json\0.0.20131108.vaadin1\android-json-0.0.20131108.vaadin1.jar;D:\java\repository\org\springframework\spring-core\5.3.7\spring-core-5.3.7.jar;D:\java\repository\org\springframework\spring-jcl\5.3.7\spring-jcl-5.3.7.jar;D:\java\repository\org\springframework\spring-test\5.3.7\spring-test-5.3.7.jar;D:\java\repository\org\xmlunit\xmlunit-core\2.8.2\xmlunit-core-2.8.2.jar;D:\java\repository\com\baomidou\mybatis-plus-boot-starter\3.4.3.1\mybatis-plus-boot-starter-3.4.3.1.jar;D:\java\repository\com\baomidou\mybatis-plus\3.4.3.1\mybatis-plus-3.4.3.1.jar;D:\java\repository\com\baomidou\mybatis-plus-extension\3.4.3.1\mybatis-plus-extension-3.4.3.1.jar;D:\java\repository\com\baomidou\mybatis-plus-core\3.4.3.1\mybatis-plus-core-3.4.3.1.jar;D:\java\repository\com\baomidou\mybatis-plus-annotation\3.4.3.1\mybatis-plus-annotation-3.4.3.1.jar;D:\java\repository\com\github\jsqlparser\jsqlparser\4.0\jsqlparser-4.0.jar;D:\java\repository\org\mybatis\mybatis\3.5.7\mybatis-3.5.7.jar;D:\java\repository\org\mybatis\mybatis-spring\2.0.6\mybatis-spring-2.0.6.jar;D:\java\repository\org\springframework\boot\spring-boot-starter-jdbc\2.5.0\spring-boot-starter-jdbc-2.5.0.jar;D:\java\repository\com\zaxxer\HikariCP\4.0.3\HikariCP-4.0.3.jar;D:\java\repository\org\springframework\spring-jdbc\5.3.7\spring-jdbc-5.3.7.jar;D:\java\repository\org\springframework\spring-tx\5.3.7\spring-tx-5.3.7.jar;D:\java\repository\mysql\mysql-connector-java\8.0.25\mysql-connector-java-8.0.25.jar;D:\java\repository\org\projectlombok\lombok\1.18.20\lombok-1.18.20.jar;D:\java\repository\io\jsonwebtoken\jjwt\0.9.1\jjwt-0.9.1.jar;D:\java\repository\com\fasterxml\jackson\core\jackson-databind\2.12.3\jackson-databind-2.12.3.jar;D:\java\repository\com\fasterxml\jackson\core\jackson-annotations\2.12.3\jackson-annotations-2.12.3.jar;D:\java\repository\com\fasterxml\jackson\core\jackson-core\2.12.3\jackson-core-2.12.3.jar;D:\java\repository\com\github\xiaoymin\swagger-bootstrap-ui\1.9.6\swagger-bootstrap-ui-1.9.6.jar;D:\java\repository\org\javassist\javassist\3.25.0-GA\javassist-3.25.0-GA.jar;D:\java\repository\io\springfox\springfox-swagger2\2.9.2\springfox-swagger2-2.9.2.jar;D:\java\repository\io\swagger\swagger-annotations\1.5.20\swagger-annotations-1.5.20.jar;D:\java\repository\io\swagger\swagger-models\1.5.20\swagger-models-1.5.20.jar;D:\java\repository\io\springfox\springfox-spi\2.9.2\springfox-spi-2.9.2.jar;D:\java\repository\io\springfox\springfox-core\2.9.2\springfox-core-2.9.2.jar;D:\java\repository\io\springfox\springfox-schema\2.9.2\springfox-schema-2.9.2.jar;D:\java\repository\io\springfox\springfox-swagger-common\2.9.2\springfox-swagger-common-2.9.2.jar;D:\java\repository\io\springfox\springfox-spring-web\2.9.2\springfox-spring-web-2.9.2.jar;D:\java\repository\com\google\guava\guava\20.0\guava-20.0.jar;D:\java\repository\com\fasterxml\classmate\1.5.1\classmate-1.5.1.jar;D:\java\repository\org\slf4j\slf4j-api\1.7.30\slf4j-api-1.7.30.jar;D:\java\repository\org\springframework\plugin\spring-plugin-core\1.2.0.RELEASE\spring-plugin-core-1.2.0.RELEASE.jar;D:\java\repository\org\springframework\plugin\spring-plugin-metadata\1.2.0.RELEASE\spring-plugin-metadata-1.2.0.RELEASE.jar;D:\java\repository\org\mapstruct\mapstruct\1.2.0.Final\mapstruct-1.2.0.Final.jar;D:\java\repository\org\springframework\boot\spring-boot-starter-security\2.5.0\spring-boot-starter-security-2.5.0.jar;D:\java\repository\org\springframework\spring-aop\5.3.7\spring-aop-5.3.7.jar;D:\java\repository\org\springframework\security\spring-security-config\5.5.0\spring-security-config-5.5.0.jar;D:\java\repository\org\springframework\security\spring-security-core\5.5.0\spring-security-core-5.5.0.jar;D:\java\repository\org\jetbrains\kotlin\kotlin-stdlib-jdk8\1.5.0\kotlin-stdlib-jdk8-1.5.0.jar;D:\java\repository\org\jetbrains\kotlin\kotlin-stdlib\1.5.0\kotlin-stdlib-1.5.0.jar;D:\java\repository\org\jetbrains\annotations\13.0\annotations-13.0.jar;D:\java\repository\org\jetbrains\kotlin\kotlin-stdlib-common\1.5.0\kotlin-stdlib-common-1.5.0.jar;D:\java\repository\org\jetbrains\kotlin\kotlin-stdlib-jdk7\1.5.0\kotlin-stdlib-jdk7-1.5.0.jar;D:\java\repository\org\springframework\security\spring-security-web\5.5.0\spring-security-web-5.5.0.jar;"/>
    <property name="sun.cpu.endian" value="little"/>
    <property name="user.home" value="C:\Users\86150"/>
    <property name="user.language" value="zh"/>
    <property name="java.specification.vendor" value="Oracle Corporation"/>
    <property name="java.home" value="D:\Java8\jdk8\jre"/>
    <property name="basedir" value="D:\Code\mavenue\bridge"/>
    <property name="file.separator" value="\"/>
    <property name="line.separator" value="&#10;"/>
    <property name="java.vm.specification.vendor" value="Oracle Corporation"/>
    <property name="java.specification.name" value="Java Platform API Specification"/>
    <property name="java.awt.graphicsenv" value="sun.awt.Win32GraphicsEnvironment"/>
    <property name="surefire.real.class.path" value="C:\Users\86150\AppData\Local\Temp\surefire7618058879455569735\surefirebooter6691511223561466205.jar"/>
    <property name="sun.boot.class.path" value="D:\Java8\jdk8\jre\lib\resources.jar;D:\Java8\jdk8\jre\lib\rt.jar;D:\Java8\jdk8\jre\lib\sunrsasign.jar;D:\Java8\jdk8\jre\lib\jsse.jar;D:\Java8\jdk8\jre\lib\jce.jar;D:\Java8\jdk8\jre\lib\charsets.jar;D:\Java8\jdk8\jre\lib\jfr.jar;D:\Java8\jdk8\jre\classes"/>
    <property name="user.script" value=""/>
    <property name="sun.management.compiler" value="HotSpot 64-Bit Tiered Compilers"/>
    <property name="java.runtime.version" value="1.8.0_291-b10"/>
    <property name="user.name" value="86150"/>
    <property name="path.separator" value=";"/>
    <property name="os.version" value="10.0"/>
    <property name="java.endorsed.dirs" value="D:\Java8\jdk8\jre\lib\endorsed"/>
    <property name="java.runtime.name" value="Java(TM) SE Runtime Environment"/>
    <property name="file.encoding" value="GBK"/>
    <property name="java.vm.name" value="Java HotSpot(TM) 64-Bit Server VM"/>
    <property name="localRepository" value="D:\java\repository"/>
    <property name="java.vendor.url.bug" value="http://bugreport.sun.com/bugreport/"/>
    <property name="java.io.tmpdir" value="C:\Users\86150\AppData\Local\Temp\"/>
    <property name="idea.version" value="2020.3.1"/>
    <property name="java.version" value="1.8.0_291"/>
    <property name="user.dir" value="D:\Code\mavenue\bridge"/>
    <property name="os.arch" value="amd64"/>
    <property name="java.vm.specification.name" value="Java Virtual Machine Specification"/>
    <property name="java.awt.printerjob" value="sun.awt.windows.WPrinterJob"/>
    <property name="sun.os.patch.level" value=""/>
    <property name="java.library.path" value="D:\Java8\jdk8\jre\bin;C:\WINDOWS\Sun\Java\bin;C:\WINDOWS\system32;C:\WINDOWS;C:\Program Files (x86)\Common Files\Oracle\Java\javapath;D:\Python\Scripts\;D:\Python\;C:\Windows\system32;C:\Windows;C:\Windows\System32\Wbem;C:\Windows\System32\WindowsPowerShell\v1.0\;C:\Windows\System32\OpenSSH\;C:\Program Files (x86)\NVIDIA Corporation\PhysX\Common;C:\WINDOWS\system32;C:\WINDOWS;C:\WINDOWS\System32\Wbem;C:\WINDOWS\System32\WindowsPowerShell\v1.0\;C:\WINDOWS\System32\OpenSSH\;D:\MySQL\bin;C:\Program Files\Pandoc\;D:\maven\bin;D:\Tomcat\apache-tomcat-8.5.59\bin;D:\Java8\jdk8\bin;D:\Qt\Tools\mingw730_64\bin;D:\Nodejs\;D:\CMake\bin;D:\Xshell\;D:\Xftp\;D:\Git\cmd;D:\Java8\jdk8\jre8\bin;C:\Users\86150\AppData\Local\Microsoft\WindowsApps;D:\Qt\5.12.0\mingw73_64\bin;%IntelliJ IDEA Community Edition%;%PyCharm Community Edition%;D:\Nodejs\node_global;;D:\idealU\IntelliJ IDEA 2020.3.1\bin;;D:\PyCharm\bin;;."/>
    <property name="java.vm.info" value="mixed mode"/>
    <property name="java.vendor" value="Oracle Corporation"/>
    <property name="java.vm.version" value="25.291-b10"/>
    <property name="java.ext.dirs" value="D:\Java8\jdk8\jre\lib\ext;C:\WINDOWS\Sun\Java\lib\ext"/>
    <property name="sun.io.unicode.encoding" value="UnicodeLittle"/>
    <property name="maven.repo.local" value="D:\java\repository"/>
    <property name="java.class.version" value="52.0"/>
  </properties>
  <testcase name="contextLoads" classname="com.bridge.BridgeApplicationTests" time="0.235"/>
</testsuite>